C51 COMPILER V9.56.0.0   DS1302                                                            04/05/2022 14:54:50 PAGE 1   


C51 COMPILER V9.56.0.0, COMPILATION OF MODULE DS1302
OBJECT MODULE PLACED IN .\Objects\ds1302.obj
COMPILER INVOKED BY: D:\keil\C51\BIN\C51.EXE ds1302.c OPTIMIZE(8,SPEED) BROWSE DEBUG OBJECTEXTEND PRINT(.\Listings\ds130
                    -2.lst) TABS(2) OBJECT(.\Objects\ds1302.obj)

line level    source

   1          #include <REGX51.H>
   2          #include <intrins.h>
   3          unsigned char code read_ds1302_address[7]={0x81,0x83,0x85,0x87,0x89,0x8b,0x8d};
   4          unsigned char code wirte_ds1302_address[7]={0x80,0x82,0x84,0x86,0x88,0x8a,0x8c};
   5          unsigned char timer[3]={0x55,0x59,0x23};
   6          sbit SCK=P3^6;    
   7          sbit SDA=P3^4;    
   8          sbit RST = P3^5;   // DS1302¸´Î»                        
   9          
  10          void Write_Ds1302(unsigned  char temp) 
  11          {
  12   1        unsigned char i;
  13   1        for (i=0;i<8;i++)       
  14   1        { 
  15   2          SCK=0;
  16   2          SDA=temp&0x01;
  17   2          temp>>=1; 
  18   2          SCK=1;
  19   2        }
  20   1      }   
  21          
  22          void Write_Ds1302_Byte( unsigned char address,unsigned char dat )     
  23          {
  24   1        RST=0;  _nop_();
  25   1        SCK=0;  _nop_();
  26   1        RST=1;  _nop_();  
  27   1        Write_Ds1302(address);  
  28   1        Write_Ds1302(dat);    
  29   1        RST=0; 
  30   1      }
  31          
  32          unsigned char Read_Ds1302_Byte ( unsigned char address )
  33          {
  34   1        unsigned char i,temp=0x00;
  35   1        RST=0;  _nop_();
  36   1        SCK=0;  _nop_();
  37   1        RST=1;  _nop_();
  38   1        Write_Ds1302(address);
  39   1        for (i=0;i<8;i++)   
  40   1        {   
  41   2          SCK=0;
  42   2          temp>>=1; 
  43   2          if(SDA)
  44   2          temp|=0x80; 
  45   2          SCK=1;
  46   2        } 
  47   1        RST=0;  _nop_();
  48   1        SCK=0;  _nop_();
  49   1        SCK=1;  _nop_();
  50   1        SDA=0;  _nop_();
  51   1        SDA=1;  _nop_();
  52   1        return (temp);      
  53   1      }
  54          void init1302()
C51 COMPILER V9.56.0.0   DS1302                                                            04/05/2022 14:54:50 PAGE 2   

  55          {
  56   1        unsigned char i;
  57   1        Write_Ds1302_Byte(0xbe,0x00);
  58   1        for(i=0;i<3;i++)
  59   1        {
  60   2          Write_Ds1302_Byte(wirte_ds1302_address[i],timer[i]);
  61   2        }
  62   1        Write_Ds1302_Byte(0xbe,0x80);
  63   1      }
  64          void read_ds1302()
  65          {
  66   1        unsigned char i;
  67   1        for(i=0;i<3;i++)
  68   1        {
  69   2          timer[i]=Read_Ds1302_Byte(read_ds1302_address[i]);
  70   2        }
  71   1      }
  72          
  73          


MODULE INFORMATION:   STATIC OVERLAYABLE
   CODE SIZE        =    148    ----
   CONSTANT SIZE    =     14    ----
   XDATA SIZE       =   ----    ----
   PDATA SIZE       =   ----    ----
   DATA SIZE        =      3    ----
   IDATA SIZE       =   ----    ----
   BIT SIZE         =   ----    ----
END OF MODULE INFORMATION.


C51 COMPILATION COMPLETE.  0 WARNING(S),  0 ERROR(S)
