C51 COMPILER V9.56.0.0   UART                                                              04/11/2022 19:07:32 PAGE 1   


C51 COMPILER V9.56.0.0, COMPILATION OF MODULE UART
OBJECT MODULE PLACED IN .\Objects\UART.obj
COMPILER INVOKED BY: D:\keil\C51\BIN\C51.EXE UART.c OPTIMIZE(8,SPEED) BROWSE DEBUG OBJECTEXTEND PRINT(.\Listings\UART.ls
                    -t) TABS(2) OBJECT(.\Objects\UART.obj)

line level    source

   1          #include <REGX51.H>
   2          #include <delay.h>
   3          #define RELOAD_COUNT 0xFA //宏定义波特率发生器的载入值 9600
   4          
   5          void UART_Init(void)
   6          {
   7   1        SCON|=0X50;     //设置为工作方式1
   8   1        TMOD|=0X20;     //设置计数器工作方式2
   9   1        PCON=0X80;      //波特率加倍
  10   1        TH1=RELOAD_COUNT; //计数器初始值设置
  11   1        TL1=TH1;
  12   1        ES=0;       //关闭接收中断
  13   1        EA=1;       //打开总中断
  14   1        TR1=1;        //打开计数器
  15   1      //  TI=1;          //发送中断标记位，如果使用printf函数的必须设置 
  16   1      }
  17          
  18          /**
  19            * @brief  串口发送一个字节
  20            * @param  Byte要发送的数据
  21            * @retval ?
  22            */
  23          void UART_SendData(unsigned char dat)
  24          {
  25   1        ES=0; //关闭串口中断
  26   1        TI=0; //清发送完毕中断请求标志位
  27   1        SBUF=dat; //发送
  28   1        while(TI==0); //等待发送完毕
  29   1        TI=0; //清发送完毕中断请求标志位
  30   1        ES=1; //允许串口中断
  31   1      }
  32          
  33          void UART_SendString(unsigned char *pbuf)
  34          {
  35   1        while(*pbuf!='\0') //遇到空格跳出循环 
  36   1        {
  37   2          UART_SendData(*pbuf);
  38   2          delay_10us(5);
  39   2          pbuf++; 
  40   2        }
  41   1      }
  42          
  43          
  44          
  45          /*????????
  46          void UART_Routine() interrupt 4
  47          {
  48            if(RI==1)
  49            {
  50              
  51              RI=0;
  52            }
  53          }
  54          */
C51 COMPILER V9.56.0.0   UART                                                              04/11/2022 19:07:32 PAGE 2   



MODULE INFORMATION:   STATIC OVERLAYABLE
   CODE SIZE        =     78    ----
   CONSTANT SIZE    =   ----    ----
   XDATA SIZE       =   ----    ----
   PDATA SIZE       =   ----    ----
   DATA SIZE        =   ----       3
   IDATA SIZE       =   ----    ----
   BIT SIZE         =   ----    ----
END OF MODULE INFORMATION.


C51 COMPILATION COMPLETE.  0 WARNING(S),  0 ERROR(S)
