C51 COMPILER V9.56.0.0   MAIN                                                              03/28/2022 21:43:37 PAGE 1   


C51 COMPILER V9.56.0.0, COMPILATION OF MODULE MAIN
OBJECT MODULE PLACED IN .\Obj\main.obj
COMPILER INVOKED BY: D:\keil\C51\BIN\C51.EXE User\main.c OPTIMIZE(8,SPEED) BROWSE INCDIR(.\App\24c02;.\App\iic;.\App\key
                    -;.\App\smg;.\Public;.\App\ds18b20;.\App_Demo) DEBUG OBJECTEXTEND PRINT(.\Obj\main.lst) TABS(2) OBJECT(.\Obj\main.obj)

line level    source

   1          /*
   2          作者：嗨小易（QQ：3443792007）
   3          版权：本教程版权归嗨小易（QQ：3443792007）所有，未经授权不得转载、摘编或用于其他商业用途！！！
   4              一经发现，后果自负！！！
   5          */
   6          
   7          /**************************************************************************************
   8          实验名称：ESP8266-WIFI模块实验
   9          接线说明：DS18B20模块-->单片机IO
  10                VCC-->5V
  11                DATA-->P3.7
  12                GND-->GND 
  13          
  14                ESP8266-WIFI模块-->单片机IO
  15                TXD-->P3.0
  16                RXD-->P3.1
  17                3V3-->3.3V
  18                GND-->GND
  19                EN-->3.3V
  20                
  21                LED模块-->单片机IO
  22                D1-->P2.0
  23                  
  24          实验现象：下载程序后，插上DS18B20温度传感器，数码管显示检测的温度值，连接
  25                WIFI模块热点，打开手机APP，可控制开发板D1指示灯，同时采集的温度数据上传到手机
  26                APP显示。
  27          注意事项：注意模块默认波特率为115200，需将其修改为9600，修改波特率命令：AT+UART_DEF=9600,8,1,0,0                    
             -                      
  28          ***************************************************************************************/
  29          #include "public.h"
  30          #include "wifi_control.h"
  31          
  32          /*******************************************************************************
  33          * 函 数 名       : main
  34          * 函数功能     : 主函数
  35          * 输    入       : 无
  36          * 输    出       : 无
  37          *******************************************************************************/
  38          void main()
  39          { 
  40   1        wifi_control_init();
  41   1      
  42   1        while(1)
  43   1        {       
  44   2          wifi_control(); 
  45   2        }   
  46   1      }


MODULE INFORMATION:   STATIC OVERLAYABLE
   CODE SIZE        =      8    ----
   CONSTANT SIZE    =   ----    ----
   XDATA SIZE       =   ----    ----
   PDATA SIZE       =   ----    ----
C51 COMPILER V9.56.0.0   MAIN                                                              03/28/2022 21:43:37 PAGE 2   

   DATA SIZE        =   ----    ----
   IDATA SIZE       =   ----    ----
   BIT SIZE         =   ----    ----
END OF MODULE INFORMATION.


C51 COMPILATION COMPLETE.  0 WARNING(S),  0 ERROR(S)
