C51 COMPILER V9.56.0.0   UART                                                              03/28/2022 21:43:37 PAGE 1   


C51 COMPILER V9.56.0.0, COMPILATION OF MODULE UART
OBJECT MODULE PLACED IN .\Obj\uart.obj
COMPILER INVOKED BY: D:\keil\C51\BIN\C51.EXE Public\uart.c OPTIMIZE(8,SPEED) BROWSE INCDIR(.\App\24c02;.\App\iic;.\App\k
                    -ey;.\App\smg;.\Public;.\App\ds18b20;.\App_Demo) DEBUG OBJECTEXTEND PRINT(.\Obj\uart.lst) TABS(2) OBJECT(.\Obj\uart.obj)

line level    source

   1          /*
   2          作者：嗨小易（QQ：3443792007）
   3          版权：本教程版权归嗨小易（QQ：3443792007）所有，未经授权不得转载、摘编或用于其他商业用途！！！
   4              一经发现，后果自负！！！
   5          */
   6          
   7          #include "uart.h"
   8          
   9          #define RELOAD_COUNT 0xFA //宏定义波特率发生器的载入值 9600
  10          
  11          void UART_Init(void)
  12          {
  13   1        SCON|=0X50;     //设置为工作方式1
  14   1        TMOD|=0X20;     //设置计数器工作方式2
  15   1        PCON=0X80;      //波特率加倍
  16   1        TH1=RELOAD_COUNT; //计数器初始值设置
  17   1        TL1=TH1;
  18   1        ES=0;       //关闭接收中断
  19   1        EA=1;       //打开总中断
  20   1        TR1=1;        //打开计数器
  21   1      //  TI=1;          //发送中断标记位，如果使用printf函数的必须设置 
  22   1      }
  23          
  24          void UART_SendData(u8 dat)
  25          {
  26   1        ES=0; //关闭串口中断
  27   1        TI=0; //清发送完毕中断请求标志位
  28   1        SBUF=dat; //发送
  29   1        while(TI==0); //等待发送完毕
  30   1        TI=0; //清发送完毕中断请求标志位
  31   1        ES=1; //允许串口中断
  32   1      }
  33          
  34          void UART_SendString(u8 *pbuf)
  35          {
  36   1        while(*pbuf!='\0') //遇到空格跳出循环 
  37   1        {
  38   2          UART_SendData(*pbuf);
  39   2          delay_10us(5);
  40   2          pbuf++; 
  41   2        }
  42   1      }
  43          
  44          u8 UART_RX_BUF[UART_REC_LEN];     //接收缓冲,最大UART_REC_LEN个字节.
  45          //接收状态
  46          //bit15， 接收完成标志
  47          //bit14， 接收到0x0d
  48          //bit13~0， 接收到的有效字节数目
  49          u16 UART_RX_STA=0;       //接收状态标记 
  50          
  51          
  52          //void UART_IRQn() interrupt 4
  53          //{
  54          //  u8 r;
C51 COMPILER V9.56.0.0   UART                                                              03/28/2022 21:43:37 PAGE 2   

  55          //  static u8 i=0;
  56          //  
  57          //  if(RI)
  58          //  {
  59          //    RI=0;
  60          //    UART_RX_BUF[i]=SBUF;//读取接收到的数据
  61          //    if(UART_RX_BUF[0]=='+')i++;
  62          //    else i=0;
  63          //    if(i==10)
  64          //    {
  65          //      i=0;
  66          //    }         
  67          //  } 
  68          //}
  69          


MODULE INFORMATION:   STATIC OVERLAYABLE
   CODE SIZE        =     78    ----
   CONSTANT SIZE    =   ----    ----
   XDATA SIZE       =   ----    ----
   PDATA SIZE       =   ----    ----
   DATA SIZE        =     12       3
   IDATA SIZE       =   ----    ----
   BIT SIZE         =   ----    ----
END OF MODULE INFORMATION.


C51 COMPILATION COMPLETE.  0 WARNING(S),  0 ERROR(S)
