C51 COMPILER V9.56.0.0   SMG                                                               04/03/2022 17:02:11 PAGE 1   


C51 COMPILER V9.56.0.0, COMPILATION OF MODULE SMG
OBJECT MODULE PLACED IN .\Objects\smg.obj
COMPILER INVOKED BY: D:\keil\C51\BIN\C51.EXE smg.c OPTIMIZE(8,SPEED) BROWSE DEBUG OBJECTEXTEND PRINT(.\Listings\smg.lst)
                    - TABS(2) OBJECT(.\Objects\smg.obj)

line level    source

   1          #include <REGX51.H>
   2          #include <smg.h>
   3          #include <delay.h>
   4          //共阴极数码管显示0~F的段码数据
   5          u8 gsmg_code[17]={0x3f,0x06,0x5b,0x4f,0x66,0x6d,0x7d,0x07,
   6                  0x7f,0x6f,0x77,0x7c,0x39,0x5e,0x79,0x71};
   7          
   8          /*******************************************************************************
   9          * 函 数 名       : smg_display
  10          * 函数功能     : 动态数码管显示
  11          * 输    入       : dat：要显示的数据
  12                     pos：从左开始第几个位置开始显示，范围1-8
  13          * 输    出       : 无
  14          *******************************************************************************/
  15          void smg_display(u8 dat[],u8 pos)
  16          {
  17   1        u8 i=0;
  18   1        u8 pos_temp=pos-1;
  19   1      
  20   1        for(i=pos_temp;i<8;i++)
  21   1        {
  22   2            switch(i)//位选
  23   2          {
  24   3            case 0: LSC=1;LSB=1;LSA=1;break;
  25   3            case 1: LSC=1;LSB=1;LSA=0;break;
  26   3            case 2: LSC=1;LSB=0;LSA=1;break;
  27   3            case 3: LSC=1;LSB=0;LSA=0;break;
  28   3            case 4: LSC=0;LSB=1;LSA=1;break;
  29   3            case 5: LSC=0;LSB=1;LSA=0;break;
  30   3            case 6: LSC=0;LSB=0;LSA=1;break;
  31   3            case 7: LSC=0;LSB=0;LSA=0;break;
  32   3          }
  33   2          SMG_A_DP_PORT=dat[i-pos_temp];//传送段选数据
  34   2          delay_10us(100);//延时一段时间，等待显示稳定
  35   2          SMG_A_DP_PORT=0x00;//消音
  36   2        }
  37   1      }


MODULE INFORMATION:   STATIC OVERLAYABLE
   CODE SIZE        =    146    ----
   CONSTANT SIZE    =   ----    ----
   XDATA SIZE       =   ----    ----
   PDATA SIZE       =   ----    ----
   DATA SIZE        =     17       5
   IDATA SIZE       =   ----    ----
   BIT SIZE         =   ----    ----
END OF MODULE INFORMATION.


C51 COMPILATION COMPLETE.  0 WARNING(S),  0 ERROR(S)
